<?xml version="1.0" encoding="UTF-8"?>
<!-- Generated by org.testng.reporters.JUnitXMLReporter -->
<testsuite ignored="0" hostname="DESKTOP-HV7FO7F" failures="1" tests="2" name="Test" time="20.614" errors="0" timestamp="2022-08-26T20:06:06 IST">
  <testcase classname="com.assesment1.Vagrant" name="checkPushpa" time="14.78"/>
  <testcase classname="com.assesment1.Vagrant" name="checkWiki" time="1.091">
    <failure type="java.lang.AssertionError" message="expected [January 7, 2022 (United States)] but found [17 December 2021]">
      <![CDATA[java.lang.AssertionError: expected [January 7, 2022 (United States)] but found [17 December 2021]
at com.assesment1.Vagrant.checkWiki(Vagrant.java:72)
at java.base/java.util.ArrayList.forEach(ArrayList.java:1511)
... Removed 33 stack frames]]>
    </failure>
  </testcase> <!-- checkWiki -->
</testsuite> <!-- Test -->
